
20-11-2017 10:13:05 AM 	 Loggedin as Poluru preddy@iliadneuro.com for Iliad Neurosciences Inc.
20-11-2017 10:20:43 AM 	 Loggedin as Poluru preddy@iliadneuro.com for Iliad Neurosciences Inc.

20-11-2017 10:23:03 AM 	 Loggedin as Poluru preddy@iliadneuro.com for Iliad Neurosciences Inc.

20-11-2017 11:27:16 AM 	 Loggedin as Poluru preddy@iliadneuro.com for Iliad Neurosciences Inc.

20-11-2017 11:29:12 AM 	 Loggedin as Poluru preddy@iliadneuro.com for Iliad Neurosciences Inc.

20-11-2017 11:29:47 AM 	 Loggedin as Poluru preddy@iliadneuro.com for Iliad Neurosciences Inc.

20-11-2017 11:34:27 AM 	 Loggedin as Poluru preddy@iliadneuro.com for Iliad Neurosciences Inc.

20-11-2017 11:36:45 AM 	 Loggedin as Poluru preddy@iliadneuro.com for Iliad Neurosciences Inc.

20-11-2017 12:01:12 PM 	 Loggedin as Poluru preddy@iliadneuro.com for Iliad Neurosciences Inc.

20-11-2017 12:08:14 PM 	 Loggedin as Poluru preddy@iliadneuro.com for Iliad Neurosciences Inc.

20-11-2017 12:10:10 PM 	 Loggedin as Poluru preddy@iliadneuro.com for Iliad Neurosciences Inc.

20-11-2017 12:38:05 PM 	 Loggedin as Poluru preddy@iliadneuro.com for Iliad Neurosciences Inc.

20-11-2017 02:17:38 PM 	 Loggedin as Poluru preddy@iliadneuro.com for Iliad Neurosciences Inc.

20-11-2017 02:19:47 PM 	 Loggedin as Poluru preddy@iliadneuro.com for Iliad Neurosciences Inc.

20-11-2017 02:53:27 PM 	 Loggedin as Poluru preddy@iliadneuro.com for Iliad Neurosciences Inc.

20-11-2017 03:04:06 PM 	 Loggedin as Poluru preddy@iliadneuro.com for Iliad Neurosciences Inc.

20-11-2017 03:10:46 PM 	 Loggedin as Poluru preddy@iliadneuro.com for Iliad Neurosciences Inc.

20-11-2017 03:28:57 PM 	 Loggedin as Poluru preddy@iliadneuro.com for Iliad Neurosciences Inc.

20-11-2017 03:42:22 PM 	 Loggedin as Poluru preddy@iliadneuro.com for Iliad Neurosciences Inc.

20-11-2017 03:49:48 PM 	 Loggedin as Poluru preddy@iliadneuro.com for Iliad Neurosciences Inc.

20-11-2017 03:55:47 PM 	 Loggedin as Poluru preddy@iliadneuro.com for Iliad Neurosciences Inc.

20-11-2017 04:04:48 PM 	 Loggedin as Poluru preddy@iliadneuro.com for Iliad Neurosciences Inc.

20-11-2017 04:06:31 PM 	 Loggedin as Poluru preddy@iliadneuro.com for Iliad Neurosciences Inc.

20-11-2017 04:12:03 PM 	 Loggedin as Poluru preddy@iliadneuro.com for Iliad Neurosciences Inc.

20-11-2017 04:15:58 PM 	 Loggedin as Poluru preddy@iliadneuro.com for Iliad Neurosciences Inc.

20-11-2017 04:25:22 PM 	 Loggedin as Poluru preddy@iliadneuro.com for Iliad Neurosciences Inc.

20-11-2017 04:35:08 PM 	 Loggedin as Poluru preddy@iliadneuro.com for Iliad Neurosciences Inc.

20-11-2017 04:38:05 PM 	 Loggedin as Poluru preddy@iliadneuro.com for Iliad Neurosciences Inc.

20-11-2017 05:04:59 PM 	 Loggedin as Poluru preddy@iliadneuro.com for Iliad Neurosciences Inc.

20-11-2017 05:06:58 PM 	 Loggedin as Poluru preddy@iliadneuro.com for Iliad Neurosciences Inc.

20-11-2017 05:13:20 PM 	 Loggedin as Poluru preddy@iliadneuro.com for Iliad Neurosciences Inc.

20-11-2017 05:20:07 PM 	 Loggedin as Poluru preddy@iliadneuro.com for Iliad Neurosciences Inc.

20-11-2017 05:22:12 PM 	 Loggedin as Poluru preddy@iliadneuro.com for Iliad Neurosciences Inc.

20-11-2017 05:30:55 PM 	 Loggedin as Poluru preddy@iliadneuro.com for Iliad Neurosciences Inc.

20-11-2017 05:50:09 PM 	 Loggedin as Poluru preddy@iliadneuro.com for Iliad Neurosciences Inc.

20-11-2017 05:53:52 PM 	 Loggedin as Bhooshan bhooshan.sawant@religendx.com  for Religen

20-11-2017 05:57:33 PM 	 Loggedin as Poluru Reddy preddy@iliadneuro.com for Iliad Neurosciences Inc.

20-11-2017 06:23:40 PM 	 Loggedin as Poluru Reddy preddy@iliadneuro.com for Iliad Neurosciences Inc.

20-11-2017 06:49:37 PM 	 Loggedin as Poluru preddy@iliadneuro.com for Iliad Neurosciences Inc.

20-11-2017 07:16:26 PM 	 Loggedin as Poluru preddy@iliadneuro.com for Iliad Neurosciences Inc.

20-11-2017 07:25:43 PM 	 Loggedin as Poluru preddy@iliadneuro.com for Iliad Neurosciences Inc.

20-11-2017 07:32:47 PM 	 Loggedin as Poluru preddy@iliadneuro.com for Iliad Neurosciences Inc.

20-11-2017 07:33:57 PM 	 Loggedin as Poluru preddy@iliadneuro.com for Iliad Neurosciences Inc.
