
22-11-2017 10:20:34 AM 	 Loggedin as Poluru preddy@iliadneuro.com for Iliad Neurosciences Inc.
22-11-2017 10:37:37 AM 	 Loggedin as Poluru preddy@iliadneuro.com for Iliad Neurosciences Inc.

22-11-2017 12:18:57 PM 	 Loggedin as Poluru preddy@iliadneuro.com for Iliad Neurosciences Inc.

22-11-2017 01:12:07 PM 	 Loggedin as Poluru preddy@iliadneuro.com for Iliad Neurosciences Inc.

22-11-2017 01:17:57 PM 	 Loggedin as Poluru preddy@iliadneuro.com for Iliad Neurosciences Inc.

22-11-2017 01:19:44 PM 	 Loggedin as Poluru preddy@iliadneuro.com for Iliad Neurosciences Inc.

22-11-2017 01:28:52 PM 	 Loggedin as Poluru preddy@iliadneuro.com for Iliad Neurosciences Inc.

22-11-2017 01:38:35 PM 	 Loggedin as Poluru preddy@iliadneuro.com for Iliad Neurosciences Inc.

22-11-2017 04:59:41 PM 	 Loggedin as Poluru preddy@iliadneuro.com for Iliad Neurosciences Inc.

22-11-2017 05:25:52 PM 	 Loggedin as Poluru preddy@iliadneuro.com for Iliad Neurosciences Inc.

22-11-2017 05:57:40 PM 	 Loggedin as Poluru preddy@iliadneuro.com for Iliad Neurosciences Inc.

22-11-2017 05:59:16 PM 	 Loggedin as Poluru preddy@iliadneuro.com for Iliad Neurosciences Inc.

22-11-2017 06:13:29 PM 	 Loggedin as Poluru preddy@iliadneuro.com for Iliad Neurosciences Inc.

22-11-2017 06:22:53 PM 	 Loggedin as Poluru preddy@iliadneuro.com for Iliad Neurosciences Inc.

22-11-2017 06:24:12 PM 	 Loggedin as Poluru preddy@iliadneuro.com for Iliad Neurosciences Inc.

22-11-2017 06:25:47 PM 	 Loggedin as Poluru preddy@iliadneuro.com for Iliad Neurosciences Inc.

22-11-2017 06:27:39 PM 	 Loggedin as Poluru preddy@iliadneuro.com for Iliad Neurosciences Inc.

22-11-2017 06:29:30 PM 	 Loggedin as Poluru preddy@iliadneuro.com for Iliad Neurosciences Inc.

22-11-2017 06:31:56 PM 	 Loggedin as Poluru preddy@iliadneuro.com for Iliad Neurosciences Inc.

22-11-2017 06:39:51 PM 	 Loggedin as Poluru preddy@iliadneuro.com for Iliad Neurosciences Inc.

22-11-2017 06:45:31 PM 	 Loggedin as Poluru preddy@iliadneuro.com for Iliad Neurosciences Inc.

22-11-2017 06:47:25 PM 	 Loggedin as Poluru preddy@iliadneuro.com for Iliad Neurosciences Inc.

22-11-2017 06:59:03 PM 	 Loggedin as Poluru preddy@iliadneuro.com for Iliad Neurosciences Inc.

22-11-2017 07:07:31 PM 	 Loggedin as Poluru preddy@iliadneuro.com for Iliad Neurosciences Inc.

22-11-2017 07:26:22 PM 	 Loggedin as Poluru preddy@iliadneuro.com for Iliad Neurosciences Inc.

22-11-2017 07:33:33 PM 	 Loggedin as Poluru preddy@iliadneuro.com for Iliad Neurosciences Inc.

22-11-2017 08:27:50 PM 	 Loggedin as Poluru preddy@iliadneuro.com for Iliad Neurosciences Inc.

22-11-2017 08:38:16 PM 	 Loggedin as Heidi hcollins@iliadneuro.com for Iliad Neurosciences Inc.

22-11-2017 08:38:59 PM 	 Loggedin as Denise denise@iliadneuro.com for Iliad Neurosciences Inc.

22-11-2017 08:39:29 PM 	 Loggedin as Poluru preddy@iliadneuro.com for Iliad Neurosciences Inc.

22-11-2017 09:19:07 PM 	 Loggedin as Steve stsetsekos@iliadneuro.com for Iliad Neurosciences Inc.

22-11-2017 09:30:12 PM 	 Loggedin as Poluru preddy@iliadneuro.com for Iliad Neurosciences Inc.

22-11-2017 09:44:33 PM 	 Loggedin as Poluru preddy@iliadneuro.com for Iliad Neurosciences Inc.

22-11-2017 09:44:52 PM 	 Loggedin as Steve stsetsekos@iliadneuro.com for Iliad Neurosciences Inc.

22-11-2017 09:45:11 PM 	 Loggedin as Poluru preddy@iliadneuro.com for Iliad Neurosciences Inc.

22-11-2017 09:45:26 PM 	 Loggedin as Steve stsetsekos@iliadneuro.com for Iliad Neurosciences Inc.

22-11-2017 09:46:54 PM 	 Loggedin as Poluru preddy@iliadneuro.com for Iliad Neurosciences Inc.

22-11-2017 09:47:02 PM 	 Loggedin as Steve stsetsekos@iliadneuro.com for Iliad Neurosciences Inc.
